-------------------------------------------------------------------------------
Test set: Parametreli step kullanimi
-------------------------------------------------------------------------------
Tests run: 6, Failures: 1, Errors: 0, Skipped: 0, Time elapsed: 0.216 s <<< FAILURE! - in Parametreli step kullanimi
Parametreli step kullanimi.Cucumber step definition (Cucumber Edition) outline #3  Time elapsed: 0.016 s  <<< FAILURE!
java.lang.AssertionError: expected:<26> but was:<28>
	at org.junit.Assert.fail(Assert.java:89)
	at org.junit.Assert.failNotEquals(Assert.java:835)
	at org.junit.Assert.assertEquals(Assert.java:647)
	at org.junit.Assert.assertEquals(Assert.java:633)
	at stepdefinitions.ParameterizedStepsExampleStepDefinitions.sonucOlmalidir(ParameterizedStepsExampleStepDefinitions.java:48)
	at âœ½.sonuc 26 olmalidir(file:///C:/Users/user/IdeaProjects/CWCucumberSelenium/src/test/resources/features/04_ParameterizedStepsExample.feature:15)

